Arguments: 
  D:\Program Files\nodejs\node.exe C:\Users\evgen\AppData\Roaming\npm\node_modules\yarn\bin\yarn.js add --dev sass C:/Program Files/Git/ npm i -D sass

PATH: 
  C:\Program Files\Git\mingw64\bin;C:\Program Files\Git\usr\bin;C:\Users\evgen\bin;C:\Program Files (x86)\Intel\Intel(R) Management Engine Components\iCLS;C:\Program Files\Intel\Intel(R) Management Engine Components\iCLS;C:\windows\system32;C:\windows;C:\windows\System32\Wbem;C:\windows\System32\WindowsPowerShell\v1.0;C:\Program Files (x86)\Intel\Intel(R) Management Engine Components\DAL;C:\Program Files\Intel\Intel(R) Management Engine Components\DAL;C:\Program Files (x86)\Intel\Intel(R) Management Engine Components\IPT;C:\Program Files\Intel\Intel(R) Management Engine Components\IPT;C:\Program Files (x86)\NVIDIA Corporation\PhysX\Common;C:\Program Files\Intel\WiFi\bin;C:\Program Files\Common Files\Intel\WirelessCommon;C:\Windows\system32;C:\Windows;C:\Windows\System32\Wbem;C:\Windows\System32\WindowsPowerShell\v1.0;C:\Windows\System32\OpenSSH;C:\Program Files\Git\cmd;D:\Program Files\nodejs;C:\Program Files\Docker\Docker\resources\bin;C:\ProgramData\DockerDesktop\version-bin;C:\Users\evgen\AppData\Local\Microsoft\WindowsApps;D:\Users\evgen\AppData\Local\Programs\Microsoft VS Code\bin;C:\Users\evgen\AppData\Roaming\npm

Yarn version: 
  1.22.17

Node version: 
  16.13.0

Platform: 
  win32 x64

Trace: 
  Error: EINVAL: invalid argument, mkdir 'C:\Users\evgen\AppData\Local\Yarn\Cache\v6\npm-rogram-iles-0.0.0-5d004ce1-aaa8-4923-8a8f-d6b97a864d00-1644403109000\node_modules\C:\Program Files'

npm manifest: 
  {
    "name": "lizing.vue3.frontend",
    "version": "0.0.0",
    "scripts": {
      "dev": "vite",
      "build": "vue-tsc --noEmit && vite build",
      "preview": "vite preview"
    },
    "dependencies": {
      "element-plus": "^2.0.1",
      "vue": "^3.2.25"
    },
    "devDependencies": {
      "@types/node": "^17.0.16",
      "@vitejs/plugin-vue": "^2.0.0",
      "typescript": "^4.4.4",
      "unplugin-element-plus": "^0.2.0",
      "vite": "^2.7.2",
      "vue-tsc": "^0.29.8"
    }
  }

yarn manifest: 
  No manifest

Lockfile: 
  No lockfile
